[2026-05-15 12:23:05] Error: Class "AttendanceService" not found in C:\Users\Abiodun Emmanuel\Documents\CODEBASE\edureport-ng\php-backend\src\App.php:17
#0 C:\Users\Abiodun Emmanuel\Documents\CODEBASE\edureport-ng\php-backend\public\index.php(80): App->__construct()
#1 C:\Users\Abiodun Emmanuel\Documents\CODEBASE\edureport-ng\php-backend\public\router.php(34): require('C:\\Users\\Abiodu...')
#2 {main}

[2026-05-15 12:24:28] Error: Class "AttendanceService" not found in C:\Users\Abiodun Emmanuel\Documents\CODEBASE\edureport-ng\php-backend\src\App.php:17
#0 C:\Users\Abiodun Emmanuel\Documents\CODEBASE\edureport-ng\php-backend\public\index.php(80): App->__construct()
#1 C:\Users\Abiodun Emmanuel\Documents\CODEBASE\edureport-ng\php-backend\public\router.php(34): require('C:\\Users\\Abiodu...')
#2 {main}

[2026-05-15 12:24:42] Error: Class "AttendanceService" not found in C:\Users\Abiodun Emmanuel\Documents\CODEBASE\edureport-ng\php-backend\src\App.php:17
#0 C:\Users\Abiodun Emmanuel\Documents\CODEBASE\edureport-ng\php-backend\public\index.php(80): App->__construct()
#1 C:\Users\Abiodun Emmanuel\Documents\CODEBASE\edureport-ng\php-backend\public\router.php(34): require('C:\\Users\\Abiodu...')
#2 {main}

[2026-05-15 12:24:43] Error: Class "AttendanceService" not found in C:\Users\Abiodun Emmanuel\Documents\CODEBASE\edureport-ng\php-backend\src\App.php:17
#0 C:\Users\Abiodun Emmanuel\Documents\CODEBASE\edureport-ng\php-backend\public\index.php(80): App->__construct()
#1 C:\Users\Abiodun Emmanuel\Documents\CODEBASE\edureport-ng\php-backend\public\router.php(34): require('C:\\Users\\Abiodu...')
#2 {main}

[2026-05-15 12:25:04] Error: Class "AttendanceService" not found in C:\Users\Abiodun Emmanuel\Documents\CODEBASE\edureport-ng\php-backend\src\App.php:17
#0 C:\Users\Abiodun Emmanuel\Documents\CODEBASE\edureport-ng\php-backend\public\index.php(80): App->__construct()
#1 C:\Users\Abiodun Emmanuel\Documents\CODEBASE\edureport-ng\php-backend\public\router.php(34): require('C:\\Users\\Abiodu...')
#2 {main}

[2026-05-15 12:25:05] Error: Class "AttendanceService" not found in C:\Users\Abiodun Emmanuel\Documents\CODEBASE\edureport-ng\php-backend\src\App.php:17
#0 C:\Users\Abiodun Emmanuel\Documents\CODEBASE\edureport-ng\php-backend\public\index.php(80): App->__construct()
#1 C:\Users\Abiodun Emmanuel\Documents\CODEBASE\edureport-ng\php-backend\public\router.php(34): require('C:\\Users\\Abiodu...')
#2 {main}

[2026-05-15 12:27:06] Error: Class "AttendanceService" not found in C:\Users\Abiodun Emmanuel\Documents\CODEBASE\edureport-ng\php-backend\src\App.php:17
#0 C:\Users\Abiodun Emmanuel\Documents\CODEBASE\edureport-ng\php-backend\public\index.php(80): App->__construct()
#1 C:\Users\Abiodun Emmanuel\Documents\CODEBASE\edureport-ng\php-backend\public\router.php(34): require('C:\\Users\\Abiodu...')
#2 {main}

[2026-05-15 12:27:08] Error: Class "AttendanceService" not found in C:\Users\Abiodun Emmanuel\Documents\CODEBASE\edureport-ng\php-backend\src\App.php:17
#0 C:\Users\Abiodun Emmanuel\Documents\CODEBASE\edureport-ng\php-backend\public\index.php(80): App->__construct()
#1 C:\Users\Abiodun Emmanuel\Documents\CODEBASE\edureport-ng\php-backend\public\router.php(34): require('C:\\Users\\Abiodu...')
#2 {main}

[2026-05-15 12:33:21] Error: Class "AttendanceService" not found in C:\Users\Abiodun Emmanuel\Documents\CODEBASE\edureport-ng\php-backend\src\App.php:17
#0 C:\Users\Abiodun Emmanuel\Documents\CODEBASE\edureport-ng\php-backend\public\index.php(80): App->__construct()
#1 C:\Users\Abiodun Emmanuel\Documents\CODEBASE\edureport-ng\php-backend\public\router.php(34): require('C:\\Users\\Abiodu...')
#2 {main}

[2026-05-15 12:33:52] Error: Class "AttendanceService" not found in C:\Users\Abiodun Emmanuel\Documents\CODEBASE\edureport-ng\php-backend\src\App.php:17
#0 C:\Users\Abiodun Emmanuel\Documents\CODEBASE\edureport-ng\php-backend\public\index.php(80): App->__construct()
#1 C:\Users\Abiodun Emmanuel\Documents\CODEBASE\edureport-ng\php-backend\public\router.php(34): require('C:\\Users\\Abiodu...')
#2 {main}

[2026-05-15 12:33:52] Error: Class "AttendanceService" not found in C:\Users\Abiodun Emmanuel\Documents\CODEBASE\edureport-ng\php-backend\src\App.php:17
#0 C:\Users\Abiodun Emmanuel\Documents\CODEBASE\edureport-ng\php-backend\public\index.php(80): App->__construct()
#1 C:\Users\Abiodun Emmanuel\Documents\CODEBASE\edureport-ng\php-backend\public\router.php(34): require('C:\\Users\\Abiodu...')
#2 {main}

[2026-05-15 12:34:37] Error: Class "AttendanceService" not found in C:\Users\Abiodun Emmanuel\Documents\CODEBASE\edureport-ng\php-backend\src\App.php:17
#0 C:\Users\Abiodun Emmanuel\Documents\CODEBASE\edureport-ng\php-backend\public\index.php(80): App->__construct()
#1 C:\Users\Abiodun Emmanuel\Documents\CODEBASE\edureport-ng\php-backend\public\router.php(34): require('C:\\Users\\Abiodu...')
#2 {main}

[2026-05-15 12:34:37] Error: Class "AttendanceService" not found in C:\Users\Abiodun Emmanuel\Documents\CODEBASE\edureport-ng\php-backend\src\App.php:17
#0 C:\Users\Abiodun Emmanuel\Documents\CODEBASE\edureport-ng\php-backend\public\index.php(80): App->__construct()
#1 C:\Users\Abiodun Emmanuel\Documents\CODEBASE\edureport-ng\php-backend\public\router.php(34): require('C:\\Users\\Abiodu...')
#2 {main}

[2026-05-18 15:52:18] PDOException: could not find driver in C:\Users\Abiodun Emmanuel\Documents\CODEBASE\edureport-ng\php-backend\src\Db.php:60
#0 C:\Users\Abiodun Emmanuel\Documents\CODEBASE\edureport-ng\php-backend\src\Db.php(60): PDO->__construct('sqlite:C:/Users...', '', Object(SensitiveParameterValue), Array)
#1 C:\Users\Abiodun Emmanuel\Documents\CODEBASE\edureport-ng\php-backend\src\App.php(16): Db::pdo()
#2 C:\Users\Abiodun Emmanuel\Documents\CODEBASE\edureport-ng\php-backend\public\index.php(100): App->__construct()
#3 {main}

